Release 14.7 - xst P.20131013 (nt64)
Copyright (c) 1995-2013 Xilinx, Inc.  All rights reserved.
--> Parameter TMPDIR set to xst/projnav.tmp


Total REAL time to Xst completion: 1.00 secs
Total CPU time to Xst completion: 0.17 secs
 
--> Parameter xsthdpdir set to xst


Total REAL time to Xst completion: 1.00 secs
Total CPU time to Xst completion: 0.19 secs
 
--> Reading design: ADC.prj

TABLE OF CONTENTS
  1) Synthesis Options Summary
  2) HDL Parsing
  3) HDL Elaboration
  4) HDL Synthesis
       4.1) HDL Synthesis Report
  5) Advanced HDL Synthesis
       5.1) Advanced HDL Synthesis Report
  6) Low Level Synthesis
  7) Partition Report
  8) Design Summary
       8.1) Primitive and Black Box Usage
       8.2) Device utilization summary
       8.3) Partition Resource Summary
       8.4) Timing Report
            8.4.1) Clock Information
            8.4.2) Asynchronous Control Signals Information
            8.4.3) Timing Summary
            8.4.4) Timing Details
            8.4.5) Cross Clock Domains Report


=========================================================================
*                      Synthesis Options Summary                        *
=========================================================================
---- Source Parameters
Input File Name                    : "ADC.prj"
Ignore Synthesis Constraint File   : NO

---- Target Parameters
Output File Name                   : "ADC"
Output Format                      : NGC
Target Device                      : xc6slx9-2-tqg144

---- Source Options
Top Module Name                    : ADC
Automatic FSM Extraction           : YES
FSM Encoding Algorithm             : Auto
Safe Implementation                : No
FSM Style                          : LUT
RAM Extraction                     : Yes
RAM Style                          : Auto
ROM Extraction                     : Yes
Shift Register Extraction          : YES
ROM Style                          : Auto
Resource Sharing                   : YES
Asynchronous To Synchronous        : NO
Shift Register Minimum Size        : 2
Use DSP Block                      : Auto
Automatic Register Balancing       : No

---- Target Options
LUT Combining                      : Auto
Reduce Control Sets                : Auto
Add IO Buffers                     : YES
Global Maximum Fanout              : 100000
Add Generic Clock Buffer(BUFG)     : 16
Register Duplication               : YES
Optimize Instantiated Primitives   : NO
Use Clock Enable                   : Auto
Use Synchronous Set                : Auto
Use Synchronous Reset              : Auto
Pack IO Registers into IOBs        : Auto
Equivalent register Removal        : YES

---- General Options
Optimization Goal                  : Speed
Optimization Effort                : 1
Power Reduction                    : NO
Keep Hierarchy                     : No
Netlist Hierarchy                  : As_Optimized
RTL Output                         : Yes
Global Optimization                : AllClockNets
Read Cores                         : YES
Write Timing Constraints           : NO
Cross Clock Analysis               : NO
Hierarchy Separator                : /
Bus Delimiter                      : <>
Case Specifier                     : Maintain
Slice Utilization Ratio            : 100
BRAM Utilization Ratio             : 100
DSP48 Utilization Ratio            : 100
Auto BRAM Packing                  : NO
Slice Utilization Ratio Delta      : 5

=========================================================================


=========================================================================
*                          HDL Parsing                                  *
=========================================================================
Parsing VHDL file "\\Production\d\1. UPDATED VERSION\1. Development board\NEW SPARTANCE-6 VHDL CODE\NEW SPARTANCE-6 VHDL CODE\ADC\adc.vhd" into library work
Parsing entity <ADC>.
Parsing architecture <Behavioral> of entity <adc>.

=========================================================================
*                            HDL Elaboration                            *
=========================================================================

Elaborating entity <ADC> (architecture <Behavioral>) from library <work>.

=========================================================================
*                           HDL Synthesis                               *
=========================================================================

Synthesizing Unit <ADC>.
    Related source file is "\\Production\d\1. UPDATED VERSION\1. Development board\NEW SPARTANCE-6 VHDL CODE\NEW SPARTANCE-6 VHDL CODE\ADC\adc.vhd".
    Found 1-bit register for signal <RD>.
    Found 1-bit register for signal <WR>.
    Found 1-bit register for signal <CS>.
    Found 14-bit register for signal <Temp>.
    Found 1-bit register for signal <clock>.
    Found 2-bit register for signal <status>.
    Found finite state machine <FSM_0> for signal <status>.
    -----------------------------------------------------------------------
    | States             | 3                                              |
    | Transitions        | 7                                              |
    | Inputs             | 2                                              |
    | Outputs            | 3                                              |
    | Clock              | clock (rising_edge)                            |
    | Power Up State     | run                                            |
    | Encoding           | auto                                           |
    | Implementation     | LUT                                            |
    -----------------------------------------------------------------------
    Found 14-bit adder for signal <Temp[13]_GND_5_o_add_0_OUT> created at line 41.
    Summary:
	inferred   1 Adder/Subtractor(s).
	inferred  18 D-type flip-flop(s).
	inferred   1 Multiplexer(s).
	inferred   1 Finite State Machine(s).
Unit <ADC> synthesized.

=========================================================================
HDL Synthesis Report

Macro Statistics
# Adders/Subtractors                                   : 1
 14-bit adder                                          : 1
# Registers                                            : 5
 1-bit register                                        : 4
 14-bit register                                       : 1
# Multiplexers                                         : 1
 14-bit 2-to-1 multiplexer                             : 1
# FSMs                                                 : 1

=========================================================================

=========================================================================
*                       Advanced HDL Synthesis                          *
=========================================================================


=========================================================================
Advanced HDL Synthesis Report

Macro Statistics
# Adders/Subtractors                                   : 1
 14-bit adder                                          : 1
# Registers                                            : 18
 Flip-Flops                                            : 18
# Multiplexers                                         : 1
 14-bit 2-to-1 multiplexer                             : 1
# FSMs                                                 : 1

=========================================================================

=========================================================================
*                         Low Level Synthesis                           *
=========================================================================
Analyzing FSM <MFsm> for best encoding.
Optimizing FSM <FSM_0> on signal <status[1:2]> with user encoding.
-------------------
 State | Encoding
-------------------
 run   | 00
 done  | 01
 check | 10
-------------------

Optimizing unit <ADC> ...

Mapping all equations...
Building and optimizing final netlist ...
Found area constraint ratio of 100 (+ 5) on block ADC, actual ratio is 0.

Final Macro Processing ...

=========================================================================
Final Register Report

Macro Statistics
# Registers                                            : 20
 Flip-Flops                                            : 20

=========================================================================

=========================================================================
*                           Partition Report                            *
=========================================================================

Partition Implementation Status
-------------------------------

  No Partitions were found in this design.

-------------------------------

=========================================================================
*                            Design Summary                             *
=========================================================================

Top Level Output File Name         : ADC.ngc

Primitive and Black Box Usage:
------------------------------
# BELS                             : 61
#      GND                         : 1
#      INV                         : 2
#      LUT1                        : 12
#      LUT2                        : 1
#      LUT3                        : 1
#      LUT4                        : 7
#      LUT5                        : 1
#      LUT6                        : 8
#      MUXCY                       : 13
#      VCC                         : 1
#      XORCY                       : 14
# FlipFlops/Latches                : 20
#      FD                          : 2
#      FDC                         : 14
#      FDP                         : 4
# Clock Buffers                    : 1
#      BUFGP                       : 1
# IO Buffers                       : 5
#      IBUF                        : 2
#      OBUF                        : 3

Device utilization summary:
---------------------------

Selected Device : 6slx9tqg144-2 


Slice Logic Utilization: 
 Number of Slice Registers:              19  out of  11440     0%  
 Number of Slice LUTs:                   32  out of   5720     0%  
    Number used as Logic:                32  out of   5720     0%  

Slice Logic Distribution: 
 Number of LUT Flip Flop pairs used:     32
   Number with an unused Flip Flop:      13  out of     32    40%  
   Number with an unused LUT:             0  out of     32     0%  
   Number of fully used LUT-FF pairs:    19  out of     32    59%  
   Number of unique control sets:         3

IO Utilization: 
 Number of IOs:                           6
 Number of bonded IOBs:                   6  out of    102     5%  
    IOB Flip Flops/Latches:               1

Specific Feature Utilization:
 Number of BUFG/BUFGCTRLs:                1  out of     16     6%  

---------------------------
Partition Resource Summary:
---------------------------

  No Partitions were found in this design.

---------------------------


=========================================================================
Timing Report

NOTE: THESE TIMING NUMBERS ARE ONLY A SYNTHESIS ESTIMATE.
      FOR ACCURATE TIMING INFORMATION PLEASE REFER TO THE TRACE REPORT
      GENERATED AFTER PLACE-and-ROUTE.

Clock Information:
------------------
-----------------------------------+------------------------+-------+
Clock Signal                       | Clock buffer(FF name)  | Load  |
-----------------------------------+------------------------+-------+
clock                              | NONE(CS)               | 5     |
clk                                | BUFGP                  | 15    |
-----------------------------------+------------------------+-------+
INFO:Xst:2169 - HDL ADVISOR - Some clock signals were not automatically buffered by XST with BUFG/BUFR resources. Please use the buffer_type constraint in order to insert these buffers to the clock signals to help prevent skew problems.

Asynchronous Control Signals Information:
----------------------------------------
No asynchronous control signals found in this design

Timing Summary:
---------------
Speed Grade: -2

   Minimum period: 4.555ns (Maximum Frequency: 219.539MHz)
   Minimum input arrival time before clock: 4.041ns
   Maximum output required time after clock: 4.162ns
   Maximum combinational path delay: No path found

Timing Details:
---------------
All values displayed in nanoseconds (ns)

=========================================================================
Timing constraint: Default period analysis for Clock 'clk'
  Clock period: 4.555ns (frequency: 219.539MHz)
  Total number of paths / destination ports: 791 / 15
-------------------------------------------------------------------------
Delay:               4.555ns (Levels of Logic = 5)
  Source:            Temp_0 (FF)
  Destination:       Temp_0 (FF)
  Source Clock:      clk rising
  Destination Clock: clk rising

  Data Path: Temp_0 to Temp_0
                                Gate     Net
    Cell:in->out      fanout   Delay   Delay  Logical Name (Net Name)
    ----------------------------------------  ------------
     FDP:C->Q              1   0.525   0.681  Temp_0 (Temp_0)
     INV:I->O              1   0.255   0.000  Madd_Temp[13]_GND_5_o_add_0_OUT_lut<0>_INV_0 (Madd_Temp[13]_GND_5_o_add_0_OUT_lut<0>)
     MUXCY:S->O            1   0.215   0.000  Madd_Temp[13]_GND_5_o_add_0_OUT_cy<0> (Madd_Temp[13]_GND_5_o_add_0_OUT_cy<0>)
     XORCY:CI->O           2   0.206   1.181  Madd_Temp[13]_GND_5_o_add_0_OUT_xor<1> (Temp[13]_GND_5_o_add_0_OUT<1>)
     LUT6:I0->O            7   0.254   0.910  PWR_5_o_Temp[13]_equal_2_o<13>1 (PWR_5_o_Temp[13]_equal_2_o<13>)
     LUT6:I5->O            1   0.254   0.000  Mmux_Temp[13]_GND_5_o_mux_2_OUT11 (Temp[13]_GND_5_o_mux_2_OUT<0>)
     FDP:D                     0.074          Temp_0
    ----------------------------------------
    Total                      4.555ns (1.783ns logic, 2.772ns route)
                                       (39.1% logic, 60.9% route)

=========================================================================
Timing constraint: Default period analysis for Clock 'clock'
  Clock period: 1.933ns (frequency: 517.331MHz)
  Total number of paths / destination ports: 9 / 4
-------------------------------------------------------------------------
Delay:               1.933ns (Levels of Logic = 1)
  Source:            status_FSM_FFd1 (FF)
  Destination:       status_FSM_FFd1 (FF)
  Source Clock:      clock rising
  Destination Clock: clock rising

  Data Path: status_FSM_FFd1 to status_FSM_FFd1
                                Gate     Net
    Cell:in->out      fanout   Delay   Delay  Logical Name (Net Name)
    ----------------------------------------  ------------
     FD:C->Q               4   0.525   1.080  status_FSM_FFd1 (status_FSM_FFd1)
     LUT4:I0->O            1   0.254   0.000  status_FSM_FFd1-In1 (status_FSM_FFd1-In)
     FD:D                      0.074          status_FSM_FFd1
    ----------------------------------------
    Total                      1.933ns (0.853ns logic, 1.080ns route)
                                       (44.1% logic, 55.9% route)

=========================================================================
Timing constraint: Default OFFSET IN BEFORE for Clock 'clock'
  Total number of paths / destination ports: 7 / 5
-------------------------------------------------------------------------
Offset:              4.041ns (Levels of Logic = 2)
  Source:            rst (PAD)
  Destination:       CS (FF)
  Destination Clock: clock rising

  Data Path: rst to CS
                                Gate     Net
    Cell:in->out      fanout   Delay   Delay  Logical Name (Net Name)
    ----------------------------------------  ------------
     IBUF:I->O             3   1.328   0.765  rst_IBUF (rst_IBUF)
     INV:I->O             18   0.255   1.234  rst_inv1_INV_0 (rst_inv)
     FDP:PRE                   0.459          WR
    ----------------------------------------
    Total                      4.041ns (2.042ns logic, 1.999ns route)
                                       (50.5% logic, 49.5% route)

=========================================================================
Timing constraint: Default OFFSET IN BEFORE for Clock 'clk'
  Total number of paths / destination ports: 15 / 15
-------------------------------------------------------------------------
Offset:              4.041ns (Levels of Logic = 2)
  Source:            rst (PAD)
  Destination:       Temp_0 (FF)
  Destination Clock: clk rising

  Data Path: rst to Temp_0
                                Gate     Net
    Cell:in->out      fanout   Delay   Delay  Logical Name (Net Name)
    ----------------------------------------  ------------
     IBUF:I->O             3   1.328   0.765  rst_IBUF (rst_IBUF)
     INV:I->O             18   0.255   1.234  rst_inv1_INV_0 (rst_inv)
     FDP:PRE                   0.459          Temp_0
    ----------------------------------------
    Total                      4.041ns (2.042ns logic, 1.999ns route)
                                       (50.5% logic, 49.5% route)

=========================================================================
Timing constraint: Default OFFSET OUT AFTER for Clock 'clock'
  Total number of paths / destination ports: 3 / 3
-------------------------------------------------------------------------
Offset:              4.162ns (Levels of Logic = 1)
  Source:            RD (FF)
  Destination:       RD (PAD)
  Source Clock:      clock rising

  Data Path: RD to RD
                                Gate     Net
    Cell:in->out      fanout   Delay   Delay  Logical Name (Net Name)
    ----------------------------------------  ------------
     FDP:C->Q              2   0.525   0.725  RD (RD_OBUF)
     OBUF:I->O                 2.912          RD_OBUF (RD)
    ----------------------------------------
    Total                      4.162ns (3.437ns logic, 0.725ns route)
                                       (82.6% logic, 17.4% route)

=========================================================================

Cross Clock Domains Report:
--------------------------

Clock to Setup on destination clock clk
---------------+---------+---------+---------+---------+
               | Src:Rise| Src:Fall| Src:Rise| Src:Fall|
Source Clock   |Dest:Rise|Dest:Rise|Dest:Fall|Dest:Fall|
---------------+---------+---------+---------+---------+
clk            |    4.555|         |         |         |
---------------+---------+---------+---------+---------+

Clock to Setup on destination clock clock
---------------+---------+---------+---------+---------+
               | Src:Rise| Src:Fall| Src:Rise| Src:Fall|
Source Clock   |Dest:Rise|Dest:Rise|Dest:Fall|Dest:Fall|
---------------+---------+---------+---------+---------+
clock          |    1.933|         |         |         |
---------------+---------+---------+---------+---------+

=========================================================================


Total REAL time to Xst completion: 11.00 secs
Total CPU time to Xst completion: 10.28 secs
 
--> 

Total memory usage is 259052 kilobytes

Number of errors   :    0 (   0 filtered)
Number of warnings :    0 (   0 filtered)
Number of infos    :    1 (   0 filtered)

