Release 12.2 - xst M.63c (nt)
Copyright (c) 1995-2010 Xilinx, Inc.  All rights reserved.
--> Parameter TMPDIR set to xst/projnav.tmp


Total REAL time to Xst completion: 1.00 secs
Total CPU time to Xst completion: 0.30 secs
 
--> Parameter xsthdpdir set to xst


Total REAL time to Xst completion: 1.00 secs
Total CPU time to Xst completion: 0.31 secs
 
--> Reading design: dac_main.prj

TABLE OF CONTENTS
  1) Synthesis Options Summary
  2) HDL Parsing
  3) HDL Elaboration
  4) HDL Synthesis
       4.1) HDL Synthesis Report
  5) Advanced HDL Synthesis
       5.1) Advanced HDL Synthesis Report
  6) Low Level Synthesis
  7) Partition Report
  8) Design Summary
       8.1) Primitive and Black Box Usage
       8.2) Device utilization summary
       8.3) Partition Resource Summary
       8.4) Timing Report
            8.4.1) Clock Information
            8.4.2) Asynchronous Control Signals Information
            8.4.3) Timing Summary
            8.4.4) Timing Details


=========================================================================
*                      Synthesis Options Summary                        *
=========================================================================
---- Source Parameters
Input File Name                    : "dac_main.prj"
Input Format                       : mixed
Ignore Synthesis Constraint File   : NO

---- Target Parameters
Output File Name                   : "dac_main"
Output Format                      : NGC
Target Device                      : xc6slx9-2-tqg144

---- Source Options
Top Module Name                    : dac_main
Automatic FSM Extraction           : YES
FSM Encoding Algorithm             : Auto
Safe Implementation                : No
FSM Style                          : LUT
RAM Extraction                     : Yes
RAM Style                          : Auto
ROM Extraction                     : Yes
Shift Register Extraction          : YES
ROM Style                          : Auto
Resource Sharing                   : YES
Asynchronous To Synchronous        : NO
Shift Register Minimum Size        : 2
Use DSP Block                      : Auto
Automatic Register Balancing       : No

---- Target Options
LUT Combining                      : Auto
Reduce Control Sets                : Auto
Add IO Buffers                     : YES
Global Maximum Fanout              : 100000
Add Generic Clock Buffer(BUFG)     : 16
Register Duplication               : YES
Optimize Instantiated Primitives   : NO
Use Clock Enable                   : Auto
Use Synchronous Set                : Auto
Use Synchronous Reset              : Auto
Pack IO Registers into IOBs        : Auto
Equivalent register Removal        : YES

---- General Options
Optimization Goal                  : Speed
Optimization Effort                : 1
Power Reduction                    : NO
Keep Hierarchy                     : No
Netlist Hierarchy                  : As_Optimized
RTL Output                         : Yes
Global Optimization                : AllClockNets
Read Cores                         : YES
Write Timing Constraints           : NO
Cross Clock Analysis               : NO
Hierarchy Separator                : /
Bus Delimiter                      : <>
Case Specifier                     : Maintain
Slice Utilization Ratio            : 100
BRAM Utilization Ratio             : 100
DSP48 Utilization Ratio            : 100
Auto BRAM Packing                  : NO
Slice Utilization Ratio Delta      : 5

=========================================================================


=========================================================================
*                          HDL Parsing                                  *
=========================================================================
Parsing VHDL file "\Users\Administrator\Desktop\FPGA\NEW SPARTANCE-6 VHDL CODE\DAC\DAC.vhd" into library work
Parsing entity <dac_main>.
Parsing architecture <Behavioral> of entity <dac_main>.

=========================================================================
*                            HDL Elaboration                            *
=========================================================================

Elaborating entity <dac_main> (architecture <Behavioral>) from library <work>.

=========================================================================
*                           HDL Synthesis                               *
=========================================================================

Synthesizing Unit <dac_main>.
    Related source file is "/users/administrator/desktop/fpga/new spartance-6 vhdl code/dac/dac.vhd".
    Found 8-bit register for signal <Dout>.
    Found 13-bit register for signal <Temp>.
    Found 1-bit register for signal <clock>.
    Found 13-bit adder for signal <Temp[12]_GND_5_o_add_0_OUT> created at line 39.
    Summary:
	inferred   1 Adder/Subtractor(s).
	inferred  22 D-type flip-flop(s).
	inferred   1 Multiplexer(s).
Unit <dac_main> synthesized.

=========================================================================
HDL Synthesis Report

Macro Statistics
# Adders/Subtractors                                   : 1
 13-bit adder                                          : 1
# Registers                                            : 3
 1-bit register                                        : 1
 13-bit register                                       : 1
 8-bit register                                        : 1
# Multiplexers                                         : 1
 13-bit 2-to-1 multiplexer                             : 1

=========================================================================

=========================================================================
*                       Advanced HDL Synthesis                          *
=========================================================================


=========================================================================
Advanced HDL Synthesis Report

Macro Statistics
# Adders/Subtractors                                   : 1
 13-bit adder                                          : 1
# Registers                                            : 22
 Flip-Flops                                            : 22
# Multiplexers                                         : 1
 13-bit 2-to-1 multiplexer                             : 1

=========================================================================

=========================================================================
*                         Low Level Synthesis                           *
=========================================================================

Optimizing unit <dac_main> ...

Mapping all equations...
Building and optimizing final netlist ...
Found area constraint ratio of 100 (+ 5) on block dac_main, actual ratio is 0.

Final Macro Processing ...

=========================================================================
Final Register Report

Macro Statistics
# Registers                                            : 22
 Flip-Flops                                            : 22

=========================================================================

=========================================================================
*                           Partition Report                            *
=========================================================================

Partition Implementation Status
-------------------------------

  No Partitions were found in this design.

-------------------------------

=========================================================================
*                            Design Summary                             *
=========================================================================

Top Level Output File Name         : dac_main.ngc

Primitive and Black Box Usage:
------------------------------
# BELS                             : 62
#      GND                         : 1
#      INV                         : 10
#      LUT1                        : 11
#      LUT4                        : 5
#      LUT5                        : 2
#      LUT6                        : 7
#      MUXCY                       : 12
#      VCC                         : 1
#      XORCY                       : 13
# FlipFlops/Latches                : 22
#      FDC                         : 21
#      FDP                         : 1
# Clock Buffers                    : 1
#      BUFGP                       : 1
# IO Buffers                       : 9
#      IBUF                        : 1
#      OBUF                        : 8

Device utilization summary:
---------------------------

Selected Device : 6slx9tqg144-2 


Slice Logic Utilization: 
 Number of Slice Registers:              22  out of  11440     0%  
 Number of Slice LUTs:                   35  out of   5720     0%  
    Number used as Logic:                35  out of   5720     0%  

Slice Logic Distribution: 
 Number of LUT Flip Flop pairs used:     35
   Number with an unused Flip Flop:      13  out of     35    37%  
   Number with an unused LUT:             0  out of     35     0%  
   Number of fully used LUT-FF pairs:    22  out of     35    62%  
   Number of unique control sets:         2

IO Utilization: 
 Number of IOs:                          10
 Number of bonded IOBs:                  10  out of    102     9%  

Specific Feature Utilization:
 Number of BUFG/BUFGCTRLs:                1  out of     16     6%  

---------------------------
Partition Resource Summary:
---------------------------

  No Partitions were found in this design.

---------------------------


=========================================================================
Timing Report

NOTE: THESE TIMING NUMBERS ARE ONLY A SYNTHESIS ESTIMATE.
      FOR ACCURATE TIMING INFORMATION PLEASE REFER TO THE TRACE REPORT
      GENERATED AFTER PLACE-and-ROUTE.

Clock Information:
------------------
-----------------------------------+------------------------+-------+
Clock Signal                       | Clock buffer(FF name)  | Load  |
-----------------------------------+------------------------+-------+
clock                              | NONE(DAC_0)            | 8     |
clk                                | BUFGP                  | 14    |
-----------------------------------+------------------------+-------+
INFO:Xst:2169 - HDL ADVISOR - Some clock signals were not automatically buffered by XST with BUFG/BUFR resources. Please use the buffer_type constraint in order to insert these buffers to the clock signals to help prevent skew problems.

Asynchronous Control Signals Information:
----------------------------------------
No asynchronous control signals found in this design

Timing Summary:
---------------
Speed Grade: -2

   Minimum period: 5.412ns (Maximum Frequency: 184.775MHz)
   Minimum input arrival time before clock: 4.257ns
   Maximum output required time after clock: 4.270ns
   Maximum combinational path delay: No path found

Timing Details:
---------------
All values displayed in nanoseconds (ns)

=========================================================================
Timing constraint: Default period analysis for Clock 'clock'
  Clock period: 2.555ns (frequency: 391.389MHz)
  Total number of paths / destination ports: 8 / 8
-------------------------------------------------------------------------
Delay:               2.555ns (Levels of Logic = 1)
  Source:            DAC_0 (FF)
  Destination:       DAC_0 (FF)
  Source Clock:      clock rising
  Destination Clock: clock rising

  Data Path: DAC_0 to DAC_0
                                Gate     Net
    Cell:in->out      fanout   Delay   Delay  Logical Name (Net Name)
    ----------------------------------------  ------------
     FDC:C->Q              2   0.633   0.725  DAC_0 (DAC_0)
     INV:I->O              1   0.374   0.681  DAC[0]_INV_9_o1_INV_0 (DAC[0]_INV_9_o)
     FDC:D                     0.142          DAC_0
    ----------------------------------------
    Total                      2.555ns (1.149ns logic, 1.406ns route)
                                       (45.0% logic, 55.0% route)

=========================================================================
Timing constraint: Default period analysis for Clock 'clk'
  Clock period: 5.412ns (frequency: 184.775MHz)
  Total number of paths / destination ports: 684 / 14
-------------------------------------------------------------------------
Delay:               5.412ns (Levels of Logic = 5)
  Source:            Temp_0 (FF)
  Destination:       Temp_0 (FF)
  Source Clock:      clk rising
  Destination Clock: clk rising

  Data Path: Temp_0 to Temp_0
                                Gate     Net
    Cell:in->out      fanout   Delay   Delay  Logical Name (Net Name)
    ----------------------------------------  ------------
     FDP:C->Q              1   0.633   0.681  Temp_0 (Temp_0)
     INV:I->O              1   0.374   0.000  Madd_Temp[12]_GND_5_o_add_0_OUT_lut<0>_INV_0 (Madd_Temp[12]_GND_5_o_add_0_OUT_lut<0>)
     MUXCY:S->O            1   0.330   0.000  Madd_Temp[12]_GND_5_o_add_0_OUT_cy<0> (Madd_Temp[12]_GND_5_o_add_0_OUT_cy<0>)
     XORCY:CI->O           2   0.269   1.327  Madd_Temp[12]_GND_5_o_add_0_OUT_xor<1> (Temp[12]_GND_5_o_add_0_OUT<1>)
     LUT5:I0->O            7   0.373   0.910  PWR_5_o_Temp[12]_equal_2_o<12>2 (PWR_5_o_Temp[12]_equal_2_o<12>1)
     LUT6:I5->O            1   0.373   0.000  Mmux_Temp[12]_GND_5_o_mux_2_OUT131 (Temp[12]_GND_5_o_mux_2_OUT<9>)
     FDC:D                     0.142          Temp_9
    ----------------------------------------
    Total                      5.412ns (2.494ns logic, 2.918ns route)
                                       (46.1% logic, 53.9% route)

=========================================================================
Timing constraint: Default OFFSET IN BEFORE for Clock 'clock'
  Total number of paths / destination ports: 8 / 8
-------------------------------------------------------------------------
Offset:              4.257ns (Levels of Logic = 2)
  Source:            rst (PAD)
  Destination:       DAC_0 (FF)
  Destination Clock: clock rising

  Data Path: rst to DAC_0
                                Gate     Net
    Cell:in->out      fanout   Delay   Delay  Logical Name (Net Name)
    ----------------------------------------  ------------
     IBUF:I->O             1   1.328   0.681  rst_IBUF (rst_IBUF)
     INV:I->O             22   0.374   1.333  rst_inv1_INV_0 (rst_inv)
     FDC:CLR                   0.541          DAC_0
    ----------------------------------------
    Total                      4.257ns (2.243ns logic, 2.014ns route)
                                       (52.7% logic, 47.3% route)

=========================================================================
Timing constraint: Default OFFSET IN BEFORE for Clock 'clk'
  Total number of paths / destination ports: 14 / 14
-------------------------------------------------------------------------
Offset:              4.257ns (Levels of Logic = 2)
  Source:            rst (PAD)
  Destination:       Temp_0 (FF)
  Destination Clock: clk rising

  Data Path: rst to Temp_0
                                Gate     Net
    Cell:in->out      fanout   Delay   Delay  Logical Name (Net Name)
    ----------------------------------------  ------------
     IBUF:I->O             1   1.328   0.681  rst_IBUF (rst_IBUF)
     INV:I->O             22   0.374   1.333  rst_inv1_INV_0 (rst_inv)
     FDP:PRE                   0.541          Temp_0
    ----------------------------------------
    Total                      4.257ns (2.243ns logic, 2.014ns route)
                                       (52.7% logic, 47.3% route)

=========================================================================
Timing constraint: Default OFFSET OUT AFTER for Clock 'clock'
  Total number of paths / destination ports: 8 / 8
-------------------------------------------------------------------------
Offset:              4.270ns (Levels of Logic = 1)
  Source:            DAC_7 (FF)
  Destination:       Dout<7> (PAD)
  Source Clock:      clock rising

  Data Path: DAC_7 to Dout<7>
                                Gate     Net
    Cell:in->out      fanout   Delay   Delay  Logical Name (Net Name)
    ----------------------------------------  ------------
     FDC:C->Q              2   0.633   0.725  DAC_7 (DAC_7)
     OBUF:I->O                 2.912          Dout_7_OBUF (Dout<7>)
    ----------------------------------------
    Total                      4.270ns (3.545ns logic, 0.725ns route)
                                       (83.0% logic, 17.0% route)

=========================================================================


Total REAL time to Xst completion: 5.00 secs
Total CPU time to Xst completion: 4.82 secs
 
--> 

Total memory usage is 190100 kilobytes

Number of errors   :    0 (   0 filtered)
Number of warnings :    0 (   0 filtered)
Number of infos    :    1 (   0 filtered)

